<?xml version="1.0" encoding="UTF-8"?>
<testsuite xmlns:xsi="http://www.w3.org/2001/XMLSchema-instance" xsi:noNamespaceSchemaLocation="https://maven.apache.org/surefire/maven-surefire-plugin/xsd/surefire-test-report.xsd" name="com.vtlab.bootcamp.App1Test" time="0.018" tests="5" errors="0" skipped="0" failures="0">
  <properties>
[...]
</properties>
  <testcase name="testAdd_Case1" classname="com.vtlab.bootcamp.App1Test" time="0.003"/>
  <testcase name="testAdd_Case2" classname="com.vtlab.bootcamp.App1Test" time="0"/>
  <testcase name="testAdd_Case3" classname="com.vtlab.bootcamp.App1Test" time="0"/>
  <testcase name="testAdd_Case4" classname="com.vtlab.bootcamp.App1Test" time="0"/>
  <testcase name="testFirstCharacter" classname="com.vtlab.bootcamp.App1Test" time="0.015"/>
</testsuite>